[debug] [2025-05-23T18:27:04.105Z] ----------------------------------------------------------------------
[debug] [2025-05-23T18:27:04.106Z] Command:       /opt/homebrew/Cellar/node@18/18.20.6/bin/node /opt/homebrew/bin/firebase init storage
[debug] [2025-05-23T18:27:04.106Z] CLI Version:   13.14.2
[debug] [2025-05-23T18:27:04.106Z] Platform:      darwin
[debug] [2025-05-23T18:27:04.107Z] Node Version:  v18.20.6
[debug] [2025-05-23T18:27:04.108Z] Time:          Fri May 23 2025 23:57:04 GMT+0530 (India Standard Time)
[debug] [2025-05-23T18:27:04.108Z] ----------------------------------------------------------------------
[debug] 
[debug] [2025-05-23T18:27:04.144Z] > command requires scopes: ["email","openid","https://www.googleapis.com/auth/cloudplatformprojects.readonly","https://www.googleapis.com/auth/firebase","https://www.googleapis.com/auth/cloud-platform"]
[debug] [2025-05-23T18:27:04.144Z] > authorizing via signed-in user (ironmanuday@gmail.com)
[info] 
     ######## #### ########  ######## ########     ###     ######  ########
     ##        ##  ##     ## ##       ##     ##  ##   ##  ##       ##
     ######    ##  ########  ######   ########  #########  ######  ######
     ##        ##  ##    ##  ##       ##     ## ##     ##       ## ##
     ##       #### ##     ## ######## ########  ##     ##  ######  ########

You're about to initialize a Firebase project in this directory:

  /Users/rogudays/no-sync-documents/pdf_sharing-app/pdf-next-app

Before we get started, keep in mind:

  * You are initializing within an existing Firebase project directory

[info] 
=== Project Setup
[info] 
[info] First, let's associate this project directory with a Firebase project.
[info] You can create multiple project aliases by running firebase use --add, 
[info] but for now we'll just set up a default project.
[info] 
[debug] [2025-05-23T18:27:06.538Z] > refreshing access token with scopes: []
[debug] [2025-05-23T18:27:06.541Z] >>> [apiv2][query] POST https://www.googleapis.com/oauth2/v3/token [none]
[debug] [2025-05-23T18:27:06.541Z] >>> [apiv2][body] POST https://www.googleapis.com/oauth2/v3/token [omitted]
[debug] [2025-05-23T18:27:06.717Z] <<< [apiv2][status] POST https://www.googleapis.com/oauth2/v3/token 400
[debug] [2025-05-23T18:27:06.718Z] <<< [apiv2][body] POST https://www.googleapis.com/oauth2/v3/token [omitted]
[debug] [2025-05-23T18:27:06.719Z] >>> [apiv2][query] GET https://firebase.googleapis.com/v1beta1/projects pageSize=100
[debug] [2025-05-23T18:27:06.930Z] <<< [apiv2][status] GET https://firebase.googleapis.com/v1beta1/projects 401
[debug] [2025-05-23T18:27:06.931Z] <<< [apiv2][body] GET https://firebase.googleapis.com/v1beta1/projects [omitted]
[debug] [2025-05-23T18:27:06.932Z] HTTP Error: 401, Request had invalid authentication credentials. Expected OAuth 2 access token, login cookie or other valid authentication credential. See https://developers.google.com/identity/sign-in/web/devconsole-project.
[debug] [2025-05-23T18:27:06.934Z] FirebaseError: HTTP Error: 401, Request had invalid authentication credentials. Expected OAuth 2 access token, login cookie or other valid authentication credential. See https://developers.google.com/identity/sign-in/web/devconsole-project.
    at responseToError (/opt/homebrew/lib/node_modules/firebase-tools/lib/responseToError.js:49:12)
    at RetryOperation._fn (/opt/homebrew/lib/node_modules/firebase-tools/lib/apiv2.js:305:77)
    at process.processTicksAndRejections (node:internal/process/task_queues:95:5)
[error] 
[error] Error: Failed to list Firebase projects. See firebase-debug.log for more info.
